Running from: /usr/share/java/jenkins.war
webroot: $user.home/.jenkins
2022-04-20 05:40:15.504+0000 [id=1]	INFO	org.eclipse.jetty.util.log.Log#initialized: Logging initialized @1463ms to org.eclipse.jetty.util.log.JavaUtilLog
2022-04-20 05:40:15.876+0000 [id=1]	INFO	winstone.Logger#logInternal: Beginning extraction from war file
2022-04-20 05:40:15.963+0000 [id=1]	WARNING	o.e.j.s.handler.ContextHandler#setContextPath: Empty contextPath
2022-04-20 05:40:16.298+0000 [id=1]	INFO	org.eclipse.jetty.server.Server#doStart: jetty-9.4.43.v20210629; built: 2021-06-30T11:07:22.254Z; git: 526006ecfa3af7f1a27ef3a288e2bef7ea9dd7e8; jvm 11.0.14.1+1-Ubuntu-0ubuntu1.20.04
2022-04-20 05:40:17.398+0000 [id=1]	INFO	o.e.j.w.StandardDescriptorProcessor#visitServlet: NO JSP Support for /, did not find org.eclipse.jetty.jsp.JettyJspServlet
2022-04-20 05:40:17.590+0000 [id=1]	INFO	o.e.j.s.s.DefaultSessionIdManager#doStart: DefaultSessionIdManager workerName=node0
2022-04-20 05:40:17.591+0000 [id=1]	INFO	o.e.j.s.s.DefaultSessionIdManager#doStart: No SessionScavenger set, using defaults
2022-04-20 05:40:17.597+0000 [id=1]	INFO	o.e.j.server.session.HouseKeeper#startScavenging: node0 Scavenging every 600000ms
2022-04-20 05:40:19.703+0000 [id=1]	INFO	hudson.WebAppMain#contextInitialized: Jenkins home directory: /root/.jenkins found at: $user.home/.jenkins
2022-04-20 05:40:20.618+0000 [id=1]	INFO	o.e.j.s.handler.ContextHandler#doStart: Started w.@5ae76500{Jenkins v2.332.2,/,file:///root/.jenkins/war/,AVAILABLE}{/root/.jenkins/war}
2022-04-20 05:40:20.714+0000 [id=1]	INFO	o.e.j.server.AbstractConnector#doStart: Started ServerConnector@44f75083{HTTP/1.1, (http/1.1)}{0.0.0.0:8080}
2022-04-20 05:40:20.716+0000 [id=1]	INFO	org.eclipse.jetty.server.Server#doStart: Started @6678ms
2022-04-20 05:40:20.725+0000 [id=23]	INFO	winstone.Logger#logInternal: Winstone Servlet Engine running: controlPort=disabled
2022-04-20 05:40:22.532+0000 [id=29]	INFO	jenkins.InitReactorRunner$1#onAttained: Started initialization
2022-04-20 05:40:23.027+0000 [id=29]	INFO	jenkins.InitReactorRunner$1#onAttained: Listed all plugins
2022-04-20 05:40:38.540+0000 [id=29]	INFO	jenkins.InitReactorRunner$1#onAttained: Prepared all plugins
2022-04-20 05:40:38.752+0000 [id=29]	INFO	jenkins.InitReactorRunner$1#onAttained: Started all plugins
WARNING: An illegal reflective access operation has occurred
WARNING: Illegal reflective access by org.codehaus.groovy.reflection.CachedClass (file:/root/.jenkins/war/WEB-INF/lib/groovy-all-2.4.21.jar) to method java.lang.Object.finalize()
WARNING: Please consider reporting this to the maintainers of org.codehaus.groovy.reflection.CachedClass
WARNING: Use --illegal-access=warn to enable warnings of further illegal reflective access operations
WARNING: All illegal access operations will be denied in a future release
2022-04-20 05:40:41.955+0000 [id=28]	INFO	jenkins.InitReactorRunner$1#onAttained: Augmented all extensions
2022-04-20 05:40:43.926+0000 [id=29]	INFO	jenkins.InitReactorRunner$1#onAttained: System config loaded
2022-04-20 05:40:43.942+0000 [id=28]	INFO	jenkins.InitReactorRunner$1#onAttained: System config adapted
2022-04-20 05:40:44.179+0000 [id=28]	INFO	jenkins.InitReactorRunner$1#onAttained: Loaded all jobs
2022-04-20 05:40:44.264+0000 [id=28]	INFO	jenkins.InitReactorRunner$1#onAttained: Configuration for all jobs updated
2022-04-20 05:40:44.364+0000 [id=44]	INFO	hudson.model.AsyncPeriodicWork#lambda$doRun$1: Started Download metadata
2022-04-20 05:40:44.389+0000 [id=44]	INFO	hudson.model.AsyncPeriodicWork#lambda$doRun$1: Finished Download metadata. 16 ms
2022-04-20 05:40:44.706+0000 [id=29]	INFO	jenkins.InitReactorRunner$1#onAttained: Completed initialization
2022-04-20 05:40:44.772+0000 [id=22]	INFO	hudson.lifecycle.Lifecycle#onReady: Jenkins is fully up and running
2022-04-20 05:43:31.593+0000 [id=80]	INFO	hudson.model.AsyncPeriodicWork#lambda$doRun$1: Started Periodic background build discarder
2022-04-20 05:43:31.600+0000 [id=80]	INFO	hudson.model.AsyncPeriodicWork#lambda$doRun$1: Finished Periodic background build discarder. 5 ms
2022-04-20 05:53:54.140+0000 [id=66]	INFO	o.j.p.g.w.s.DefaultPushGHEventSubscriber#onEvent: Received PushEvent for https://github.com/weridolin/werido-site-backend from 140.82.115.89 ⇒ http://www.weridolin.cn:8080/github-webhook/
2022-04-20 05:56:58.229+0000 [id=15]	INFO	o.j.p.g.w.s.DefaultPushGHEventSubscriber#onEvent: Received PushEvent for https://github.com/weridolin/werido-site-backend from 140.82.115.114 ⇒ http://www.weridolin.cn:8080/github-webhook/
